<?xml version="1.0" encoding="UTF-8"?>
<robot generator="Robot 3.0.4 (Python 3.6.5 on darwin)" generated="20190222 15:03:46.012">
<suite id="s1" name="Checkin" source="/Users/spartar/Documents/ProjectApplication/test1/cartacking/e2e/checkin.robot">
<test id="s1-t1" name="test clickcheckin">
<kw name="Open Browser" library="Selenium2Library">
<doc>Opens a new browser instance to the given ``url``.</doc>
<arguments>
<arg>http://localhost:3000/</arg>
<arg>chrome</arg>
</arguments>
<msg timestamp="20190222 15:03:46.183" level="INFO">Opening browser 'chrome' to base url 'http://localhost:3000/'.</msg>
<status status="PASS" starttime="20190222 15:03:46.182" endtime="20190222 15:03:49.666"></status>
</kw>
<kw name="Location Should Be" library="Selenium2Library">
<doc>Verifies that current URL is exactly ``url``.</doc>
<arguments>
<arg>http://localhost:3000/</arg>
</arguments>
<kw name="Capture Page Screenshot" library="Selenium2Library">
<doc>Takes screenshot of the current page and embeds it into log file.</doc>
<msg timestamp="20190222 15:03:49.675" level="FAIL">UnexpectedAlertPresentException: Alert Text: None
Message: unexpected alert open: {Alert text : http://localhost:3000/}
  (Session info: chrome=72.0.3626.119)
  (Driver info: chromedriver=2.45.615355 (d5698f682d8b2742017df6c81e0bd8e6a3063189),platform=Mac OS X 10.14.0 x86_64)
</msg>
<status status="FAIL" starttime="20190222 15:03:49.669" endtime="20190222 15:03:49.675"></status>
</kw>
<msg timestamp="20190222 15:03:49.675" level="WARN">Keyword 'Capture Page Screenshot' could not be run on failure: UnexpectedAlertPresentException: Alert Text: None
Message: unexpected alert open: {Alert text : http://localhost:3000/}
  (Session info: chrome=72.0.3626.119)
  (Driver info: chromedriver=2.45.615355 (d5698f682d8b2742017df6c81e0bd8e6a3063189),platform=Mac OS X 10.14.0 x86_64)
</msg>
<msg timestamp="20190222 15:03:49.678" level="FAIL">UnexpectedAlertPresentException: Alert Text: None
Message: unexpected alert open: {Alert text : http://localhost:3000/}
  (Session info: chrome=72.0.3626.119)
  (Driver info: chromedriver=2.45.615355 (d5698f682d8b2742017df6c81e0bd8e6a3063189),platform=Mac OS X 10.14.0 x86_64)
</msg>
<status status="FAIL" starttime="20190222 15:03:49.666" endtime="20190222 15:03:49.678"></status>
</kw>
<kw name="Close Browser" library="Selenium2Library" type="teardown">
<doc>Closes the current browser.</doc>
<status status="PASS" starttime="20190222 15:03:49.679" endtime="20190222 15:03:49.811"></status>
</kw>
<status status="FAIL" starttime="20190222 15:03:46.181" endtime="20190222 15:03:49.812" critical="yes">UnexpectedAlertPresentException: Alert Text: None
Message: unexpected alert open: {Alert text : http://localhost:3000/}
  (Session info: chrome=72.0.3626.119)
  (Driver info: chromedriver=2.45.615355 (d5698f682d8b2742017df6c81e0bd8e6a3063189),platform=Mac OS X 10.14.0 x86_64)
</status>
</test>
<status status="FAIL" starttime="20190222 15:03:46.014" endtime="20190222 15:03:49.817"></status>
</suite>
<statistics>
<total>
<stat pass="0" fail="1">Critical Tests</stat>
<stat pass="0" fail="1">All Tests</stat>
</total>
<tag>
</tag>
<suite>
<stat pass="0" fail="1" id="s1" name="Checkin">Checkin</stat>
</suite>
</statistics>
<errors>
<msg timestamp="20190222 15:03:49.675" level="WARN">Keyword 'Capture Page Screenshot' could not be run on failure: UnexpectedAlertPresentException: Alert Text: None
Message: unexpected alert open: {Alert text : http://localhost:3000/}
  (Session info: chrome=72.0.3626.119)
  (Driver info: chromedriver=2.45.615355 (d5698f682d8b2742017df6c81e0bd8e6a3063189),platform=Mac OS X 10.14.0 x86_64)
</msg>
</errors>
</robot>
